<?xml version="1.0" encoding="UTF-8"?>
<testng-results ignored="0" total="1" passed="1" failed="0" skipped="0">
  <reporter-output>
  </reporter-output>
  <suite started-at="2021-08-01T19:34:25 ACST" name="Suite" finished-at="2021-08-01T19:34:25 ACST" duration-ms="27">
    <groups>
    </groups>
    <test started-at="2021-08-01T19:34:25 ACST" name="Test" finished-at="2021-08-01T19:34:25 ACST" duration-ms="27">
      <class name="maven.Maven_project.maven_FirstTest">
        <test-method signature="First()[pri:0, instance:maven.Maven_project.maven_FirstTest@672872e1]" started-at="2021-08-01T19:34:25 ACST" name="First" finished-at="2021-08-01T19:34:25 ACST" duration-ms="2" status="PASS">
          <reporter-output>
          </reporter-output>
        </test-method> <!-- First -->
      </class> <!-- maven.Maven_project.maven_FirstTest -->
    </test> <!-- Test -->
  </suite> <!-- Suite -->
</testng-results>
